# JRE version: Java(TM) SE Runtime Environment (18.0.1.1+2) (build 18.0.1.1+2-6)
# Java VM: Java HotSpot(TM) 64-Bit Server VM (18.0.1.1+2-6, mixed mode, sharing, tiered, compressed oops, compressed class ptrs, g1 gc, windows-amd64)
GC Precious Log:
 CardTable entry size: 512
 Card Set container configuration: InlinePtr #cards 5 size 8 Array Of Cards #cards 12 size 40 Howl #buckets 4 coarsen threshold 1843 Howl Bitmap #cards 512 size 80 coarsen threshold 460 Card regions per heap region 1 cards per card region 2048
 CPUs: 4 total, 4 available
 Memory: 8057M
 Large Page Support: Disabled
 NUMA Support: Disabled
 Compressed Oops: Enabled (32-bit)
 Heap Region Size: 1M
 Heap Min Capacity: 8M
 Heap Initial Capacity: 126M
 Heap Max Capacity: 2016M
 Pre-touch: Disabled
 Parallel Workers: 4
 Concurrent Workers: 1
 Concurrent Refinement Workers: 4
 Periodic GC: Disabled
Heap:
 garbage-first heap   total 191488K, used 72572K [0x0000000082000000, 0x0000000100000000)
  region size 1024K, 18 young (18432K), 1 survivors (1024K)
 Metaspace       used 27446K, committed 27776K, reserved 1114112K
  class space    used 3558K, committed 3712K, reserved 1048576K
GC Heap History (20 events):
Event: 117.527 GC heap before
{Heap before GC invocations=70 (full 0):
 garbage-first heap   total 191488K, used 86877K [0x0000000082000000, 0x0000000100000000)
  region size 1024K, 3 young (3072K), 1 survivors (1024K)
 Metaspace       used 26689K, committed 27072K, reserved 1114112K
  class space    used 3496K, committed 3712K, reserved 1048576K
}
Event: 117.528 GC heap after
{Heap after GC invocations=71 (full 0):
 garbage-first heap   total 191488K, used 44893K [0x0000000082000000, 0x0000000100000000)
  region size 1024K, 1 young (1024K), 1 survivors (1024K)
 Metaspace       used 26689K, committed 27072K, reserved 1114112K
  class space    used 3496K, committed 3712K, reserved 1048576K
}
Event: 118.416 GC heap before
{Heap before GC invocations=71 (full 0):
 garbage-first heap   total 191488K, used 86877K [0x0000000082000000, 0x0000000100000000)
  region size 1024K, 3 young (3072K), 1 survivors (1024K)
 Metaspace       used 26689K, committed 27072K, reserved 1114112K
  class space    used 3496K, committed 3712K, reserved 1048576K
}
Event: 118.418 GC heap after
{Heap after GC invocations=72 (full 0):
 garbage-first heap   total 191488K, used 44893K [0x0000000082000000, 0x0000000100000000)
  region size 1024K, 1 young (1024K), 1 survivors (1024K)
 Metaspace       used 26689K, committed 27072K, reserved 1114112K
  class space    used 3496K, committed 3712K, reserved 1048576K
}
Event: 119.075 GC heap before
{Heap before GC invocations=72 (full 0):
 garbage-first heap   total 191488K, used 86877K [0x0000000082000000, 0x0000000100000000)
  region size 1024K, 3 young (3072K), 1 survivors (1024K)
 Metaspace       used 26689K, committed 27072K, reserved 1114112K
  class space    used 3496K, committed 3712K, reserved 1048576K
}
Event: 119.077 GC heap after
{Heap after GC invocations=73 (full 0):
 garbage-first heap   total 191488K, used 44898K [0x0000000082000000, 0x0000000100000000)
  region size 1024K, 1 young (1024K), 1 survivors (1024K)
 Metaspace       used 26689K, committed 27072K, reserved 1114112K
  class space    used 3496K, committed 3712K, reserved 1048576K
}
Event: 119.777 GC heap before
{Heap before GC invocations=73 (full 0):
 garbage-first heap   total 191488K, used 86882K [0x0000000082000000, 0x0000000100000000)
  region size 1024K, 3 young (3072K), 1 survivors (1024K)
 Metaspace       used 26689K, committed 27072K, reserved 1114112K
  class space    used 3496K, committed 3712K, reserved 1048576K
}
Event: 119.778 GC heap after
{Heap after GC invocations=74 (full 0):
 garbage-first heap   total 191488K, used 44900K [0x0000000082000000, 0x0000000100000000)
  region size 1024K, 1 young (1024K), 1 survivors (1024K)
 Metaspace       used 26689K, committed 27072K, reserved 1114112K
  class space    used 3496K, committed 3712K, reserved 1048576K
}
Event: 120.589 GC heap before
{Heap before GC invocations=74 (full 0):
 garbage-first heap   total 191488K, used 86884K [0x0000000082000000, 0x0000000100000000)
  region size 1024K, 3 young (3072K), 1 survivors (1024K)
 Metaspace       used 26691K, committed 27072K, reserved 1114112K
  class space    used 3496K, committed 3712K, reserved 1048576K
}
Event: 120.591 GC heap after
{Heap after GC invocations=75 (full 0):
 garbage-first heap   total 191488K, used 44900K [0x0000000082000000, 0x0000000100000000)
  region size 1024K, 1 young (1024K), 1 survivors (1024K)
 Metaspace       used 26691K, committed 27072K, reserved 1114112K
  class space    used 3496K, committed 3712K, reserved 1048576K
}
Event: 121.027 GC heap before
{Heap before GC invocations=75 (full 0):
 garbage-first heap   total 191488K, used 86884K [0x0000000082000000, 0x0000000100000000)
  region size 1024K, 3 young (3072K), 1 survivors (1024K)
 Metaspace       used 26691K, committed 27072K, reserved 1114112K
  class space    used 3496K, committed 3712K, reserved 1048576K
}
Event: 121.028 GC heap after
{Heap after GC invocations=76 (full 0):
 garbage-first heap   total 191488K, used 44900K [0x0000000082000000, 0x0000000100000000)
  region size 1024K, 1 young (1024K), 1 survivors (1024K)
 Metaspace       used 26691K, committed 27072K, reserved 1114112K
  class space    used 3496K, committed 3712K, reserved 1048576K
}
Event: 122.436 GC heap before
{Heap before GC invocations=76 (full 0):
 garbage-first heap   total 191488K, used 86884K [0x0000000082000000, 0x0000000100000000)
  region size 1024K, 3 young (3072K), 1 survivors (1024K)
 Metaspace       used 26731K, committed 27136K, reserved 1114112K
  class space    used 3496K, committed 3712K, reserved 1048576K
}
Event: 122.437 GC heap after
{Heap after GC invocations=77 (full 0):
 garbage-first heap   total 191488K, used 44902K [0x0000000082000000, 0x0000000100000000)
  region size 1024K, 1 young (1024K), 1 survivors (1024K)
 Metaspace       used 26731K, committed 27136K, reserved 1114112K
  class space    used 3496K, committed 3712K, reserved 1048576K
}
Event: 123.272 GC heap before
{Heap before GC invocations=77 (full 0):
 garbage-first heap   total 191488K, used 86886K [0x0000000082000000, 0x0000000100000000)
  region size 1024K, 3 young (3072K), 1 survivors (1024K)
 Metaspace       used 26731K, committed 27136K, reserved 1114112K
  class space    used 3496K, committed 3712K, reserved 1048576K
}
Event: 123.274 GC heap after
{Heap after GC invocations=78 (full 0):
 garbage-first heap   total 191488K, used 44908K [0x0000000082000000, 0x0000000100000000)
  region size 1024K, 1 young (1024K), 1 survivors (1024K)
 Metaspace       used 26731K, committed 27136K, reserved 1114112K
  class space    used 3496K, committed 3712K, reserved 1048576K
}
Event: 123.907 GC heap before
{Heap before GC invocations=78 (full 0):
 garbage-first heap   total 191488K, used 86892K [0x0000000082000000, 0x0000000100000000)
  region size 1024K, 3 young (3072K), 1 survivors (1024K)
 Metaspace       used 26735K, committed 27136K, reserved 1114112K
  class space    used 3496K, committed 3712K, reserved 1048576K
}
Event: 123.909 GC heap after
{Heap after GC invocations=79 (full 0):
 garbage-first heap   total 191488K, used 44912K [0x0000000082000000, 0x0000000100000000)
  region size 1024K, 1 young (1024K), 1 survivors (1024K)
 Metaspace       used 26735K, committed 27136K, reserved 1114112K
  class space    used 3496K, committed 3712K, reserved 1048576K
}
Event: 124.919 GC heap before
{Heap before GC invocations=79 (full 0):
 garbage-first heap   total 191488K, used 85872K [0x0000000082000000, 0x0000000100000000)
  region size 1024K, 3 young (3072K), 1 survivors (1024K)
 Metaspace       used 26747K, committed 27136K, reserved 1114112K
  class space    used 3496K, committed 3712K, reserved 1048576K
}
Event: 124.922 GC heap after
{Heap after GC invocations=80 (full 0):
 garbage-first heap   total 191488K, used 44924K [0x0000000082000000, 0x0000000100000000)
  region size 1024K, 1 young (1024K), 1 survivors (1024K)
 Metaspace       used 26747K, committed 27136K, reserved 1114112K
  class space    used 3496K, committed 3712K, reserved 1048576K
}

