# JRE version: Java(TM) SE Runtime Environment (18.0.1.1+2) (build 18.0.1.1+2-6)
# Java VM: Java HotSpot(TM) 64-Bit Server VM (18.0.1.1+2-6, mixed mode, sharing, tiered, compressed oops, compressed class ptrs, g1 gc, windows-amd64)
GC Precious Log:
 CardTable entry size: 512
 Card Set container configuration: InlinePtr #cards 5 size 8 Array Of Cards #cards 12 size 40 Howl #buckets 4 coarsen threshold 1843 Howl Bitmap #cards 512 size 80 coarsen threshold 460 Card regions per heap region 1 cards per card region 2048
 CPUs: 4 total, 4 available
 Memory: 8057M
 Large Page Support: Disabled
 NUMA Support: Disabled
 Compressed Oops: Enabled (32-bit)
 Heap Region Size: 1M
 Heap Min Capacity: 8M
 Heap Initial Capacity: 126M
 Heap Max Capacity: 2016M
 Pre-touch: Disabled
 Parallel Workers: 4
 Concurrent Workers: 1
 Concurrent Refinement Workers: 4
 Periodic GC: Disabled
Heap:
 garbage-first heap   total 342016K, used 156433K [0x0000000082000000, 0x0000000100000000)
  region size 1024K, 6 young (6144K), 1 survivors (1024K)
 Metaspace       used 31012K, committed 31488K, reserved 1114112K
  class space    used 4069K, committed 4288K, reserved 1048576K
GC Heap History (20 events):
Event: 24.079 GC heap before
{Heap before GC invocations=61 (full 0):
 garbage-first heap   total 284672K, used 126688K [0x0000000082000000, 0x0000000100000000)
  region size 1024K, 2 young (2048K), 1 survivors (1024K)
 Metaspace       used 30822K, committed 31232K, reserved 1114112K
  class space    used 4064K, committed 4288K, reserved 1048576K
}
Event: 24.081 GC heap after
{Heap after GC invocations=62 (full 0):
 garbage-first heap   total 342016K, used 124643K [0x0000000082000000, 0x0000000100000000)
  region size 1024K, 1 young (1024K), 1 survivors (1024K)
 Metaspace       used 30822K, committed 31232K, reserved 1114112K
  class space    used 4064K, committed 4288K, reserved 1048576K
}
Event: 24.335 GC heap before
{Heap before GC invocations=62 (full 0):
 garbage-first heap   total 342016K, used 152291K [0x0000000082000000, 0x0000000100000000)
  region size 1024K, 2 young (2048K), 1 survivors (1024K)
 Metaspace       used 30825K, committed 31232K, reserved 1114112K
  class space    used 4064K, committed 4288K, reserved 1048576K
}
Event: 24.337 GC heap after
{Heap after GC invocations=63 (full 0):
 garbage-first heap   total 342016K, used 144109K [0x0000000082000000, 0x0000000100000000)
  region size 1024K, 1 young (1024K), 1 survivors (1024K)
 Metaspace       used 30825K, committed 31232K, reserved 1114112K
  class space    used 4064K, committed 4288K, reserved 1048576K
}
Event: 24.460 GC heap before
{Heap before GC invocations=63 (full 0):
 garbage-first heap   total 342016K, used 152301K [0x0000000082000000, 0x0000000100000000)
  region size 1024K, 2 young (2048K), 1 survivors (1024K)
 Metaspace       used 30825K, committed 31232K, reserved 1114112K
  class space    used 4064K, committed 4288K, reserved 1048576K
}
Event: 24.462 GC heap after
{Heap after GC invocations=64 (full 0):
 garbage-first heap   total 342016K, used 137970K [0x0000000082000000, 0x0000000100000000)
  region size 1024K, 1 young (1024K), 1 survivors (1024K)
 Metaspace       used 30825K, committed 31232K, reserved 1114112K
  class space    used 4064K, committed 4288K, reserved 1048576K
}
Event: 24.590 GC heap before
{Heap before GC invocations=64 (full 0):
 garbage-first heap   total 342016K, used 152306K [0x0000000082000000, 0x0000000100000000)
  region size 1024K, 2 young (2048K), 1 survivors (1024K)
 Metaspace       used 30825K, committed 31232K, reserved 1114112K
  class space    used 4064K, committed 4288K, reserved 1048576K
}
Event: 24.592 GC heap after
{Heap after GC invocations=65 (full 0):
 garbage-first heap   total 342016K, used 144120K [0x0000000082000000, 0x0000000100000000)
  region size 1024K, 1 young (1024K), 1 survivors (1024K)
 Metaspace       used 30825K, committed 31232K, reserved 1114112K
  class space    used 4064K, committed 4288K, reserved 1048576K
}
Event: 24.656 GC heap before
{Heap before GC invocations=65 (full 0):
 garbage-first heap   total 342016K, used 152312K [0x0000000082000000, 0x0000000100000000)
  region size 1024K, 2 young (2048K), 1 survivors (1024K)
 Metaspace       used 30825K, committed 31232K, reserved 1114112K
  class space    used 4064K, committed 4288K, reserved 1048576K
}
Event: 24.657 GC heap after
{Heap after GC invocations=66 (full 0):
 garbage-first heap   total 342016K, used 145145K [0x0000000082000000, 0x0000000100000000)
  region size 1024K, 1 young (1024K), 1 survivors (1024K)
 Metaspace       used 30825K, committed 31232K, reserved 1114112K
  class space    used 4064K, committed 4288K, reserved 1048576K
}
Event: 24.820 GC heap before
{Heap before GC invocations=66 (full 0):
 garbage-first heap   total 342016K, used 154361K [0x0000000082000000, 0x0000000100000000)
  region size 1024K, 3 young (3072K), 1 survivors (1024K)
 Metaspace       used 30825K, committed 31232K, reserved 1114112K
  class space    used 4064K, committed 4288K, reserved 1048576K
}
Event: 24.821 GC heap after
{Heap after GC invocations=67 (full 0):
 garbage-first heap   total 342016K, used 148221K [0x0000000082000000, 0x0000000100000000)
  region size 1024K, 1 young (1024K), 1 survivors (1024K)
 Metaspace       used 30825K, committed 31232K, reserved 1114112K
  class space    used 4064K, committed 4288K, reserved 1048576K
}
Event: 24.823 GC heap before
{Heap before GC invocations=67 (full 0):
 garbage-first heap   total 342016K, used 152317K [0x0000000082000000, 0x0000000100000000)
  region size 1024K, 2 young (2048K), 1 survivors (1024K)
 Metaspace       used 30825K, committed 31232K, reserved 1114112K
  class space    used 4064K, committed 4288K, reserved 1048576K
}
Event: 24.824 GC heap after
{Heap after GC invocations=68 (full 0):
 garbage-first heap   total 342016K, used 146178K [0x0000000082000000, 0x0000000100000000)
  region size 1024K, 1 young (1024K), 1 survivors (1024K)
 Metaspace       used 30825K, committed 31232K, reserved 1114112K
  class space    used 4064K, committed 4288K, reserved 1048576K
}
Event: 24.900 GC heap before
{Heap before GC invocations=68 (full 0):
 garbage-first heap   total 342016K, used 153346K [0x0000000082000000, 0x0000000100000000)
  region size 1024K, 3 young (3072K), 1 survivors (1024K)
 Metaspace       used 30825K, committed 31232K, reserved 1114112K
  class space    used 4064K, committed 4288K, reserved 1048576K
}
Event: 24.901 GC heap after
{Heap after GC invocations=69 (full 0):
 garbage-first heap   total 342016K, used 150280K [0x0000000082000000, 0x0000000100000000)
  region size 1024K, 1 young (1024K), 1 survivors (1024K)
 Metaspace       used 30825K, committed 31232K, reserved 1114112K
  class space    used 4064K, committed 4288K, reserved 1048576K
}
Event: 25.007 GC heap before
{Heap before GC invocations=69 (full 0):
 garbage-first heap   total 342016K, used 153352K [0x0000000082000000, 0x0000000100000000)
  region size 1024K, 3 young (3072K), 1 survivors (1024K)
 Metaspace       used 30852K, committed 31296K, reserved 1114112K
  class space    used 4066K, committed 4288K, reserved 1048576K
}
Event: 25.009 GC heap after
{Heap after GC invocations=70 (full 0):
 garbage-first heap   total 342016K, used 149259K [0x0000000082000000, 0x0000000100000000)
  region size 1024K, 1 young (1024K), 1 survivors (1024K)
 Metaspace       used 30852K, committed 31296K, reserved 1114112K
  class space    used 4066K, committed 4288K, reserved 1048576K
}
Event: 25.011 GC heap before
{Heap before GC invocations=70 (full 0):
 garbage-first heap   total 342016K, used 153355K [0x0000000082000000, 0x0000000100000000)
  region size 1024K, 2 young (2048K), 1 survivors (1024K)
 Metaspace       used 30852K, committed 31296K, reserved 1114112K
  class space    used 4066K, committed 4288K, reserved 1048576K
}
Event: 25.012 GC heap after
{Heap after GC invocations=71 (full 0):
 garbage-first heap   total 342016K, used 150289K [0x0000000082000000, 0x0000000100000000)
  region size 1024K, 1 young (1024K), 1 survivors (1024K)
 Metaspace       used 30852K, committed 31296K, reserved 1114112K
  class space    used 4066K, committed 4288K, reserved 1048576K
}

