# JRE version: Java(TM) SE Runtime Environment (18.0.1.1+2) (build 18.0.1.1+2-6)
# Java VM: Java HotSpot(TM) 64-Bit Server VM (18.0.1.1+2-6, mixed mode, sharing, tiered, compressed oops, compressed class ptrs, g1 gc, windows-amd64)
GC Precious Log:
 CardTable entry size: 512
 Card Set container configuration: InlinePtr #cards 5 size 8 Array Of Cards #cards 12 size 40 Howl #buckets 4 coarsen threshold 1843 Howl Bitmap #cards 512 size 80 coarsen threshold 460 Card regions per heap region 1 cards per card region 2048
 CPUs: 4 total, 4 available
 Memory: 8057M
 Large Page Support: Disabled
 NUMA Support: Disabled
 Compressed Oops: Enabled (32-bit)
 Heap Region Size: 1M
 Heap Min Capacity: 8M
 Heap Initial Capacity: 126M
 Heap Max Capacity: 2016M
 Pre-touch: Disabled
 Parallel Workers: 4
 Concurrent Workers: 1
 Concurrent Refinement Workers: 4
 Periodic GC: Disabled
Heap:
 garbage-first heap   total 246784K, used 105198K [0x0000000082000000, 0x0000000100000000)
  region size 1024K, 4 young (4096K), 1 survivors (1024K)
 Metaspace       used 27518K, committed 27904K, reserved 1114112K
  class space    used 3586K, committed 3776K, reserved 1048576K
GC Heap History (20 events):
Event: 87.135 GC heap before
{Heap before GC invocations=86 (full 0):
 garbage-first heap   total 246784K, used 110277K [0x0000000082000000, 0x0000000100000000)
  region size 1024K, 3 young (3072K), 1 survivors (1024K)
 Metaspace       used 27494K, committed 27904K, reserved 1114112K
  class space    used 3585K, committed 3776K, reserved 1048576K
}
Event: 87.136 GC heap after
{Heap after GC invocations=87 (full 0):
 garbage-first heap   total 246784K, used 56007K [0x0000000082000000, 0x0000000100000000)
  region size 1024K, 1 young (1024K), 1 survivors (1024K)
 Metaspace       used 27494K, committed 27904K, reserved 1114112K
  class space    used 3585K, committed 3776K, reserved 1048576K
}
Event: 87.631 GC heap before
{Heap before GC invocations=87 (full 0):
 garbage-first heap   total 246784K, used 110279K [0x0000000082000000, 0x0000000100000000)
  region size 1024K, 3 young (3072K), 1 survivors (1024K)
 Metaspace       used 27494K, committed 27904K, reserved 1114112K
  class space    used 3585K, committed 3776K, reserved 1048576K
}
Event: 87.632 GC heap after
{Heap after GC invocations=88 (full 0):
 garbage-first heap   total 246784K, used 56014K [0x0000000082000000, 0x0000000100000000)
  region size 1024K, 1 young (1024K), 1 survivors (1024K)
 Metaspace       used 27494K, committed 27904K, reserved 1114112K
  class space    used 3585K, committed 3776K, reserved 1048576K
}
Event: 88.077 GC heap before
{Heap before GC invocations=88 (full 0):
 garbage-first heap   total 246784K, used 110286K [0x0000000082000000, 0x0000000100000000)
  region size 1024K, 3 young (3072K), 1 survivors (1024K)
 Metaspace       used 27494K, committed 27904K, reserved 1114112K
  class space    used 3585K, committed 3776K, reserved 1048576K
}
Event: 88.078 GC heap after
{Heap after GC invocations=89 (full 0):
 garbage-first heap   total 246784K, used 56020K [0x0000000082000000, 0x0000000100000000)
  region size 1024K, 1 young (1024K), 1 survivors (1024K)
 Metaspace       used 27494K, committed 27904K, reserved 1114112K
  class space    used 3585K, committed 3776K, reserved 1048576K
}
Event: 88.570 GC heap before
{Heap before GC invocations=89 (full 0):
 garbage-first heap   total 246784K, used 110292K [0x0000000082000000, 0x0000000100000000)
  region size 1024K, 3 young (3072K), 1 survivors (1024K)
 Metaspace       used 27494K, committed 27904K, reserved 1114112K
  class space    used 3585K, committed 3776K, reserved 1048576K
}
Event: 88.572 GC heap after
{Heap after GC invocations=90 (full 0):
 garbage-first heap   total 246784K, used 56021K [0x0000000082000000, 0x0000000100000000)
  region size 1024K, 1 young (1024K), 1 survivors (1024K)
 Metaspace       used 27494K, committed 27904K, reserved 1114112K
  class space    used 3585K, committed 3776K, reserved 1048576K
}
Event: 89.071 GC heap before
{Heap before GC invocations=90 (full 0):
 garbage-first heap   total 246784K, used 110293K [0x0000000082000000, 0x0000000100000000)
  region size 1024K, 3 young (3072K), 1 survivors (1024K)
 Metaspace       used 27494K, committed 27904K, reserved 1114112K
  class space    used 3585K, committed 3776K, reserved 1048576K
}
Event: 89.073 GC heap after
{Heap after GC invocations=91 (full 0):
 garbage-first heap   total 246784K, used 56025K [0x0000000082000000, 0x0000000100000000)
  region size 1024K, 1 young (1024K), 1 survivors (1024K)
 Metaspace       used 27494K, committed 27904K, reserved 1114112K
  class space    used 3585K, committed 3776K, reserved 1048576K
}
Event: 89.550 GC heap before
{Heap before GC invocations=91 (full 0):
 garbage-first heap   total 246784K, used 110297K [0x0000000082000000, 0x0000000100000000)
  region size 1024K, 3 young (3072K), 1 survivors (1024K)
 Metaspace       used 27498K, committed 27904K, reserved 1114112K
  class space    used 3585K, committed 3776K, reserved 1048576K
}
Event: 89.551 GC heap after
{Heap after GC invocations=92 (full 0):
 garbage-first heap   total 246784K, used 56030K [0x0000000082000000, 0x0000000100000000)
  region size 1024K, 1 young (1024K), 1 survivors (1024K)
 Metaspace       used 27498K, committed 27904K, reserved 1114112K
  class space    used 3585K, committed 3776K, reserved 1048576K
}
Event: 90.060 GC heap before
{Heap before GC invocations=92 (full 0):
 garbage-first heap   total 246784K, used 110302K [0x0000000082000000, 0x0000000100000000)
  region size 1024K, 3 young (3072K), 1 survivors (1024K)
 Metaspace       used 27502K, committed 27904K, reserved 1114112K
  class space    used 3585K, committed 3776K, reserved 1048576K
}
Event: 90.061 GC heap after
{Heap after GC invocations=93 (full 0):
 garbage-first heap   total 246784K, used 56034K [0x0000000082000000, 0x0000000100000000)
  region size 1024K, 1 young (1024K), 1 survivors (1024K)
 Metaspace       used 27502K, committed 27904K, reserved 1114112K
  class space    used 3585K, committed 3776K, reserved 1048576K
}
Event: 90.554 GC heap before
{Heap before GC invocations=93 (full 0):
 garbage-first heap   total 246784K, used 110306K [0x0000000082000000, 0x0000000100000000)
  region size 1024K, 3 young (3072K), 1 survivors (1024K)
 Metaspace       used 27504K, committed 27904K, reserved 1114112K
  class space    used 3585K, committed 3776K, reserved 1048576K
}
Event: 90.555 GC heap after
{Heap after GC invocations=94 (full 0):
 garbage-first heap   total 246784K, used 56037K [0x0000000082000000, 0x0000000100000000)
  region size 1024K, 1 young (1024K), 1 survivors (1024K)
 Metaspace       used 27504K, committed 27904K, reserved 1114112K
  class space    used 3585K, committed 3776K, reserved 1048576K
}
Event: 90.989 GC heap before
{Heap before GC invocations=94 (full 0):
 garbage-first heap   total 246784K, used 110309K [0x0000000082000000, 0x0000000100000000)
  region size 1024K, 3 young (3072K), 1 survivors (1024K)
 Metaspace       used 27504K, committed 27904K, reserved 1114112K
  class space    used 3585K, committed 3776K, reserved 1048576K
}
Event: 90.990 GC heap after
{Heap after GC invocations=95 (full 0):
 garbage-first heap   total 246784K, used 56041K [0x0000000082000000, 0x0000000100000000)
  region size 1024K, 1 young (1024K), 1 survivors (1024K)
 Metaspace       used 27504K, committed 27904K, reserved 1114112K
  class space    used 3585K, committed 3776K, reserved 1048576K
}
Event: 91.484 GC heap before
{Heap before GC invocations=95 (full 0):
 garbage-first heap   total 246784K, used 110313K [0x0000000082000000, 0x0000000100000000)
  region size 1024K, 3 young (3072K), 1 survivors (1024K)
 Metaspace       used 27505K, committed 27904K, reserved 1114112K
  class space    used 3585K, committed 3776K, reserved 1048576K
}
Event: 91.485 GC heap after
{Heap after GC invocations=96 (full 0):
 garbage-first heap   total 246784K, used 56046K [0x0000000082000000, 0x0000000100000000)
  region size 1024K, 1 young (1024K), 1 survivors (1024K)
 Metaspace       used 27505K, committed 27904K, reserved 1114112K
  class space    used 3585K, committed 3776K, reserved 1048576K
}

