# JRE version: Java(TM) SE Runtime Environment (18.0.1.1+2) (build 18.0.1.1+2-6)
# Java VM: Java HotSpot(TM) 64-Bit Server VM (18.0.1.1+2-6, mixed mode, sharing, tiered, compressed oops, compressed class ptrs, g1 gc, windows-amd64)
GC Precious Log:
 CardTable entry size: 512
 Card Set container configuration: InlinePtr #cards 5 size 8 Array Of Cards #cards 12 size 40 Howl #buckets 4 coarsen threshold 1843 Howl Bitmap #cards 512 size 80 coarsen threshold 460 Card regions per heap region 1 cards per card region 2048
 CPUs: 4 total, 4 available
 Memory: 8057M
 Large Page Support: Disabled
 NUMA Support: Disabled
 Compressed Oops: Enabled (32-bit)
 Heap Region Size: 1M
 Heap Min Capacity: 8M
 Heap Initial Capacity: 126M
 Heap Max Capacity: 2016M
 Pre-touch: Disabled
 Parallel Workers: 4
 Concurrent Workers: 1
 Concurrent Refinement Workers: 4
 Periodic GC: Disabled
Heap:
 garbage-first heap   total 75776K, used 36465K [0x0000000082000000, 0x0000000100000000)
  region size 1024K, 4 young (4096K), 1 survivors (1024K)
 Metaspace       used 25933K, committed 26304K, reserved 1114112K
  class space    used 3474K, committed 3648K, reserved 1048576K
GC Heap History (20 events):
Event: 13.905 GC heap before
{Heap before GC invocations=18 (full 0):
 garbage-first heap   total 75776K, used 34323K [0x0000000082000000, 0x0000000100000000)
  region size 1024K, 2 young (2048K), 1 survivors (1024K)
 Metaspace       used 25841K, committed 26176K, reserved 1114112K
  class space    used 3471K, committed 3648K, reserved 1048576K
}
Event: 13.906 GC heap after
{Heap after GC invocations=19 (full 0):
 garbage-first heap   total 75776K, used 28178K [0x0000000082000000, 0x0000000100000000)
  region size 1024K, 1 young (1024K), 1 survivors (1024K)
 Metaspace       used 25841K, committed 26176K, reserved 1114112K
  class space    used 3471K, committed 3648K, reserved 1048576K
}
Event: 14.060 GC heap before
{Heap before GC invocations=19 (full 0):
 garbage-first heap   total 75776K, used 34322K [0x0000000082000000, 0x0000000100000000)
  region size 1024K, 2 young (2048K), 1 survivors (1024K)
 Metaspace       used 25841K, committed 26176K, reserved 1114112K
  class space    used 3471K, committed 3648K, reserved 1048576K
}
Event: 14.061 GC heap after
{Heap after GC invocations=20 (full 0):
 garbage-first heap   total 75776K, used 28242K [0x0000000082000000, 0x0000000100000000)
  region size 1024K, 1 young (1024K), 1 survivors (1024K)
 Metaspace       used 25841K, committed 26176K, reserved 1114112K
  class space    used 3471K, committed 3648K, reserved 1048576K
}
Event: 14.214 GC heap before
{Heap before GC invocations=20 (full 0):
 garbage-first heap   total 75776K, used 34386K [0x0000000082000000, 0x0000000100000000)
  region size 1024K, 2 young (2048K), 1 survivors (1024K)
 Metaspace       used 25843K, committed 26176K, reserved 1114112K
  class space    used 3471K, committed 3648K, reserved 1048576K
}
Event: 14.215 GC heap after
{Heap after GC invocations=21 (full 0):
 garbage-first heap   total 75776K, used 28244K [0x0000000082000000, 0x0000000100000000)
  region size 1024K, 1 young (1024K), 1 survivors (1024K)
 Metaspace       used 25843K, committed 26176K, reserved 1114112K
  class space    used 3471K, committed 3648K, reserved 1048576K
}
Event: 14.366 GC heap before
{Heap before GC invocations=21 (full 0):
 garbage-first heap   total 75776K, used 34388K [0x0000000082000000, 0x0000000100000000)
  region size 1024K, 2 young (2048K), 1 survivors (1024K)
 Metaspace       used 25843K, committed 26176K, reserved 1114112K
  class space    used 3471K, committed 3648K, reserved 1048576K
}
Event: 14.367 GC heap after
{Heap after GC invocations=22 (full 0):
 garbage-first heap   total 75776K, used 28251K [0x0000000082000000, 0x0000000100000000)
  region size 1024K, 1 young (1024K), 1 survivors (1024K)
 Metaspace       used 25843K, committed 26176K, reserved 1114112K
  class space    used 3471K, committed 3648K, reserved 1048576K
}
Event: 14.530 GC heap before
{Heap before GC invocations=22 (full 0):
 garbage-first heap   total 75776K, used 34395K [0x0000000082000000, 0x0000000100000000)
  region size 1024K, 2 young (2048K), 1 survivors (1024K)
 Metaspace       used 25847K, committed 26176K, reserved 1114112K
  class space    used 3471K, committed 3648K, reserved 1048576K
}
Event: 14.531 GC heap after
{Heap after GC invocations=23 (full 0):
 garbage-first heap   total 75776K, used 28255K [0x0000000082000000, 0x0000000100000000)
  region size 1024K, 1 young (1024K), 1 survivors (1024K)
 Metaspace       used 25847K, committed 26176K, reserved 1114112K
  class space    used 3471K, committed 3648K, reserved 1048576K
}
Event: 14.696 GC heap before
{Heap before GC invocations=23 (full 0):
 garbage-first heap   total 75776K, used 34399K [0x0000000082000000, 0x0000000100000000)
  region size 1024K, 2 young (2048K), 1 survivors (1024K)
 Metaspace       used 25879K, committed 26240K, reserved 1114112K
  class space    used 3471K, committed 3648K, reserved 1048576K
}
Event: 14.697 GC heap after
{Heap after GC invocations=24 (full 0):
 garbage-first heap   total 75776K, used 28255K [0x0000000082000000, 0x0000000100000000)
  region size 1024K, 1 young (1024K), 1 survivors (1024K)
 Metaspace       used 25879K, committed 26240K, reserved 1114112K
  class space    used 3471K, committed 3648K, reserved 1048576K
}
Event: 14.861 GC heap before
{Heap before GC invocations=24 (full 0):
 garbage-first heap   total 75776K, used 34399K [0x0000000082000000, 0x0000000100000000)
  region size 1024K, 2 young (2048K), 1 survivors (1024K)
 Metaspace       used 25879K, committed 26240K, reserved 1114112K
  class space    used 3471K, committed 3648K, reserved 1048576K
}
Event: 14.862 GC heap after
{Heap after GC invocations=25 (full 0):
 garbage-first heap   total 75776K, used 28260K [0x0000000082000000, 0x0000000100000000)
  region size 1024K, 1 young (1024K), 1 survivors (1024K)
 Metaspace       used 25879K, committed 26240K, reserved 1114112K
  class space    used 3471K, committed 3648K, reserved 1048576K
}
Event: 15.012 GC heap before
{Heap before GC invocations=25 (full 0):
 garbage-first heap   total 75776K, used 34404K [0x0000000082000000, 0x0000000100000000)
  region size 1024K, 2 young (2048K), 1 survivors (1024K)
 Metaspace       used 25881K, committed 26240K, reserved 1114112K
  class space    used 3471K, committed 3648K, reserved 1048576K
}
Event: 15.013 GC heap after
{Heap after GC invocations=26 (full 0):
 garbage-first heap   total 75776K, used 28260K [0x0000000082000000, 0x0000000100000000)
  region size 1024K, 1 young (1024K), 1 survivors (1024K)
 Metaspace       used 25881K, committed 26240K, reserved 1114112K
  class space    used 3471K, committed 3648K, reserved 1048576K
}
Event: 15.176 GC heap before
{Heap before GC invocations=26 (full 0):
 garbage-first heap   total 75776K, used 34404K [0x0000000082000000, 0x0000000100000000)
  region size 1024K, 2 young (2048K), 1 survivors (1024K)
 Metaspace       used 25882K, committed 26240K, reserved 1114112K
  class space    used 3471K, committed 3648K, reserved 1048576K
}
Event: 15.177 GC heap after
{Heap after GC invocations=27 (full 0):
 garbage-first heap   total 75776K, used 28260K [0x0000000082000000, 0x0000000100000000)
  region size 1024K, 1 young (1024K), 1 survivors (1024K)
 Metaspace       used 25882K, committed 26240K, reserved 1114112K
  class space    used 3471K, committed 3648K, reserved 1048576K
}
Event: 15.392 GC heap before
{Heap before GC invocations=27 (full 0):
 garbage-first heap   total 75776K, used 34404K [0x0000000082000000, 0x0000000100000000)
  region size 1024K, 2 young (2048K), 1 survivors (1024K)
 Metaspace       used 25890K, committed 26240K, reserved 1114112K
  class space    used 3472K, committed 3648K, reserved 1048576K
}
Event: 15.393 GC heap after
{Heap after GC invocations=28 (full 0):
 garbage-first heap   total 75776K, used 28273K [0x0000000082000000, 0x0000000100000000)
  region size 1024K, 1 young (1024K), 1 survivors (1024K)
 Metaspace       used 25890K, committed 26240K, reserved 1114112K
  class space    used 3472K, committed 3648K, reserved 1048576K
}

