# JRE version: Java(TM) SE Runtime Environment (18.0.1.1+2) (build 18.0.1.1+2-6)
# Java VM: Java HotSpot(TM) 64-Bit Server VM (18.0.1.1+2-6, mixed mode, sharing, tiered, compressed oops, compressed class ptrs, g1 gc, windows-amd64)
GC Precious Log:
 CardTable entry size: 512
 Card Set container configuration: InlinePtr #cards 5 size 8 Array Of Cards #cards 12 size 40 Howl #buckets 4 coarsen threshold 1843 Howl Bitmap #cards 512 size 80 coarsen threshold 460 Card regions per heap region 1 cards per card region 2048
 CPUs: 4 total, 4 available
 Memory: 8057M
 Large Page Support: Disabled
 NUMA Support: Disabled
 Compressed Oops: Enabled (32-bit)
 Heap Region Size: 1M
 Heap Min Capacity: 8M
 Heap Initial Capacity: 126M
 Heap Max Capacity: 2016M
 Pre-touch: Disabled
 Parallel Workers: 4
 Concurrent Workers: 1
 Concurrent Refinement Workers: 4
 Periodic GC: Disabled
Heap:
 garbage-first heap   total 274432K, used 93403K [0x0000000082000000, 0x0000000100000000)
  region size 1024K, 7 young (7168K), 2 survivors (2048K)
 Metaspace       used 27471K, committed 27904K, reserved 1114112K
  class space    used 3586K, committed 3776K, reserved 1048576K
GC Heap History (20 events):
Event: 26.635 GC heap before
{Heap before GC invocations=23 (full 0):
 garbage-first heap   total 274432K, used 126166K [0x0000000082000000, 0x0000000100000000)
  region size 1024K, 6 young (6144K), 3 survivors (3072K)
 Metaspace       used 27136K, committed 27584K, reserved 1114112K
  class space    used 3580K, committed 3776K, reserved 1048576K
}
Event: 26.639 GC heap after
{Heap after GC invocations=24 (full 0):
 garbage-first heap   total 274432K, used 60469K [0x0000000082000000, 0x0000000100000000)
  region size 1024K, 2 young (2048K), 2 survivors (2048K)
 Metaspace       used 27136K, committed 27584K, reserved 1114112K
  class space    used 3580K, committed 3776K, reserved 1048576K
}
Event: 27.191 GC heap before
{Heap before GC invocations=24 (full 0):
 garbage-first heap   total 274432K, used 126005K [0x0000000082000000, 0x0000000100000000)
  region size 1024K, 4 young (4096K), 2 survivors (2048K)
 Metaspace       used 27149K, committed 27584K, reserved 1114112K
  class space    used 3580K, committed 3776K, reserved 1048576K
}
Event: 27.195 GC heap after
{Heap after GC invocations=25 (full 0):
 garbage-first heap   total 274432K, used 62552K [0x0000000082000000, 0x0000000100000000)
  region size 1024K, 2 young (2048K), 2 survivors (2048K)
 Metaspace       used 27149K, committed 27584K, reserved 1114112K
  class space    used 3580K, committed 3776K, reserved 1048576K
}
Event: 27.753 GC heap before
{Heap before GC invocations=25 (full 0):
 garbage-first heap   total 274432K, used 126040K [0x0000000082000000, 0x0000000100000000)
  region size 1024K, 5 young (5120K), 2 survivors (2048K)
 Metaspace       used 27181K, committed 27584K, reserved 1114112K
  class space    used 3580K, committed 3776K, reserved 1048576K
}
Event: 27.756 GC heap after
{Heap after GC invocations=26 (full 0):
 garbage-first heap   total 274432K, used 61519K [0x0000000082000000, 0x0000000100000000)
  region size 1024K, 2 young (2048K), 2 survivors (2048K)
 Metaspace       used 27181K, committed 27584K, reserved 1114112K
  class space    used 3580K, committed 3776K, reserved 1048576K
}
Event: 28.358 GC heap before
{Heap before GC invocations=26 (full 0):
 garbage-first heap   total 274432K, used 127055K [0x0000000082000000, 0x0000000100000000)
  region size 1024K, 5 young (5120K), 2 survivors (2048K)
 Metaspace       used 27215K, committed 27584K, reserved 1114112K
  class space    used 3580K, committed 3776K, reserved 1048576K
}
Event: 28.362 GC heap after
{Heap after GC invocations=27 (full 0):
 garbage-first heap   total 274432K, used 61527K [0x0000000082000000, 0x0000000100000000)
  region size 1024K, 2 young (2048K), 2 survivors (2048K)
 Metaspace       used 27215K, committed 27584K, reserved 1114112K
  class space    used 3580K, committed 3776K, reserved 1048576K
}
Event: 29.054 GC heap before
{Heap before GC invocations=27 (full 0):
 garbage-first heap   total 274432K, used 126039K [0x0000000082000000, 0x0000000100000000)
  region size 1024K, 5 young (5120K), 2 survivors (2048K)
 Metaspace       used 27248K, committed 27648K, reserved 1114112K
  class space    used 3580K, committed 3776K, reserved 1048576K
}
Event: 29.058 GC heap after
{Heap after GC invocations=28 (full 0):
 garbage-first heap   total 274432K, used 60570K [0x0000000082000000, 0x0000000100000000)
  region size 1024K, 2 young (2048K), 2 survivors (2048K)
 Metaspace       used 27248K, committed 27648K, reserved 1114112K
  class space    used 3580K, committed 3776K, reserved 1048576K
}
Event: 29.682 GC heap before
{Heap before GC invocations=28 (full 0):
 garbage-first heap   total 274432K, used 126106K [0x0000000082000000, 0x0000000100000000)
  region size 1024K, 4 young (4096K), 2 survivors (2048K)
 Metaspace       used 27259K, committed 27648K, reserved 1114112K
  class space    used 3580K, committed 3776K, reserved 1048576K
}
Event: 29.686 GC heap after
{Heap after GC invocations=29 (full 0):
 garbage-first heap   total 274432K, used 62580K [0x0000000082000000, 0x0000000100000000)
  region size 1024K, 2 young (2048K), 2 survivors (2048K)
 Metaspace       used 27259K, committed 27648K, reserved 1114112K
  class space    used 3580K, committed 3776K, reserved 1048576K
}
Event: 30.248 GC heap before
{Heap before GC invocations=29 (full 0):
 garbage-first heap   total 274432K, used 126068K [0x0000000082000000, 0x0000000100000000)
  region size 1024K, 5 young (5120K), 2 survivors (2048K)
 Metaspace       used 27262K, committed 27648K, reserved 1114112K
  class space    used 3580K, committed 3776K, reserved 1048576K
}
Event: 30.252 GC heap after
{Heap after GC invocations=30 (full 0):
 garbage-first heap   total 274432K, used 61551K [0x0000000082000000, 0x0000000100000000)
  region size 1024K, 2 young (2048K), 2 survivors (2048K)
 Metaspace       used 27262K, committed 27648K, reserved 1114112K
  class space    used 3580K, committed 3776K, reserved 1048576K
}
Event: 48.953 GC heap before
{Heap before GC invocations=30 (full 0):
 garbage-first heap   total 274432K, used 130159K [0x0000000082000000, 0x0000000100000000)
  region size 1024K, 8 young (8192K), 2 survivors (2048K)
 Metaspace       used 27383K, committed 27776K, reserved 1114112K
  class space    used 3584K, committed 3776K, reserved 1048576K
}
Event: 48.957 GC heap after
{Heap after GC invocations=31 (full 0):
 garbage-first heap   total 274432K, used 61559K [0x0000000082000000, 0x0000000100000000)
  region size 1024K, 2 young (2048K), 2 survivors (2048K)
 Metaspace       used 27383K, committed 27776K, reserved 1114112K
  class space    used 3584K, committed 3776K, reserved 1048576K
}
Event: 49.522 GC heap before
{Heap before GC invocations=31 (full 0):
 garbage-first heap   total 274432K, used 126071K [0x0000000082000000, 0x0000000100000000)
  region size 1024K, 5 young (5120K), 2 survivors (2048K)
 Metaspace       used 27438K, committed 27840K, reserved 1114112K
  class space    used 3584K, committed 3776K, reserved 1048576K
}
Event: 49.525 GC heap after
{Heap after GC invocations=32 (full 0):
 garbage-first heap   total 274432K, used 60544K [0x0000000082000000, 0x0000000100000000)
  region size 1024K, 2 young (2048K), 2 survivors (2048K)
 Metaspace       used 27438K, committed 27840K, reserved 1114112K
  class space    used 3584K, committed 3776K, reserved 1048576K
}
Event: 50.080 GC heap before
{Heap before GC invocations=32 (full 0):
 garbage-first heap   total 274432K, used 126080K [0x0000000082000000, 0x0000000100000000)
  region size 1024K, 4 young (4096K), 2 survivors (2048K)
 Metaspace       used 27445K, committed 27840K, reserved 1114112K
  class space    used 3584K, committed 3776K, reserved 1048576K
}
Event: 50.084 GC heap after
{Heap after GC invocations=33 (full 0):
 garbage-first heap   total 274432K, used 62683K [0x0000000082000000, 0x0000000100000000)
  region size 1024K, 2 young (2048K), 2 survivors (2048K)
 Metaspace       used 27445K, committed 27840K, reserved 1114112K
  class space    used 3584K, committed 3776K, reserved 1048576K
}

