# JRE version: Java(TM) SE Runtime Environment (18.0.1.1+2) (build 18.0.1.1+2-6)
# Java VM: Java HotSpot(TM) 64-Bit Server VM (18.0.1.1+2-6, mixed mode, sharing, tiered, compressed oops, compressed class ptrs, g1 gc, windows-amd64)
GC Precious Log:
 CardTable entry size: 512
 Card Set container configuration: InlinePtr #cards 5 size 8 Array Of Cards #cards 12 size 40 Howl #buckets 4 coarsen threshold 1843 Howl Bitmap #cards 512 size 80 coarsen threshold 460 Card regions per heap region 1 cards per card region 2048
 CPUs: 4 total, 4 available
 Memory: 8057M
 Large Page Support: Disabled
 NUMA Support: Disabled
 Compressed Oops: Enabled (32-bit)
 Heap Region Size: 1M
 Heap Min Capacity: 8M
 Heap Initial Capacity: 126M
 Heap Max Capacity: 2016M
 Pre-touch: Disabled
 Parallel Workers: 4
 Concurrent Workers: 1
 Concurrent Refinement Workers: 4
 Periodic GC: Disabled
Heap:
 garbage-first heap   total 239616K, used 83651K [0x0000000082000000, 0x0000000100000000)
  region size 1024K, 5 young (5120K), 1 survivors (1024K)
 Metaspace       used 26084K, committed 26432K, reserved 1114112K
  class space    used 3476K, committed 3648K, reserved 1048576K
GC Heap History (20 events):
Event: 102.282 GC heap before
{Heap before GC invocations=30 (full 0):
 garbage-first heap   total 239616K, used 107140K [0x0000000082000000, 0x0000000100000000)
  region size 1024K, 3 young (3072K), 1 survivors (1024K)
 Metaspace       used 25832K, committed 26240K, reserved 1114112K
  class space    used 3471K, committed 3648K, reserved 1048576K
}
Event: 102.283 GC heap after
{Heap after GC invocations=31 (full 0):
 garbage-first heap   total 239616K, used 56969K [0x0000000082000000, 0x0000000100000000)
  region size 1024K, 1 young (1024K), 1 survivors (1024K)
 Metaspace       used 25832K, committed 26240K, reserved 1114112K
  class space    used 3471K, committed 3648K, reserved 1048576K
}
Event: 103.692 GC heap before
{Heap before GC invocations=31 (full 0):
 garbage-first heap   total 239616K, used 107145K [0x0000000082000000, 0x0000000100000000)
  region size 1024K, 3 young (3072K), 1 survivors (1024K)
 Metaspace       used 25878K, committed 26304K, reserved 1114112K
  class space    used 3471K, committed 3648K, reserved 1048576K
}
Event: 103.693 GC heap after
{Heap after GC invocations=32 (full 0):
 garbage-first heap   total 239616K, used 51849K [0x0000000082000000, 0x0000000100000000)
  region size 1024K, 1 young (1024K), 1 survivors (1024K)
 Metaspace       used 25878K, committed 26304K, reserved 1114112K
  class space    used 3471K, committed 3648K, reserved 1048576K
}
Event: 105.151 GC heap before
{Heap before GC invocations=32 (full 0):
 garbage-first heap   total 239616K, used 107145K [0x0000000082000000, 0x0000000100000000)
  region size 1024K, 3 young (3072K), 1 survivors (1024K)
 Metaspace       used 25887K, committed 26304K, reserved 1114112K
  class space    used 3472K, committed 3648K, reserved 1048576K
}
Event: 105.152 GC heap after
{Heap after GC invocations=33 (full 0):
 garbage-first heap   total 239616K, used 53904K [0x0000000082000000, 0x0000000100000000)
  region size 1024K, 1 young (1024K), 1 survivors (1024K)
 Metaspace       used 25887K, committed 26304K, reserved 1114112K
  class space    used 3472K, committed 3648K, reserved 1048576K
}
Event: 106.558 GC heap before
{Heap before GC invocations=33 (full 0):
 garbage-first heap   total 239616K, used 108176K [0x0000000082000000, 0x0000000100000000)
  region size 1024K, 3 young (3072K), 1 survivors (1024K)
 Metaspace       used 25905K, committed 26304K, reserved 1114112K
  class space    used 3472K, committed 3648K, reserved 1048576K
}
Event: 106.560 GC heap after
{Heap after GC invocations=34 (full 0):
 garbage-first heap   total 239616K, used 53904K [0x0000000082000000, 0x0000000100000000)
  region size 1024K, 1 young (1024K), 1 survivors (1024K)
 Metaspace       used 25905K, committed 26304K, reserved 1114112K
  class space    used 3472K, committed 3648K, reserved 1048576K
}
Event: 108.082 GC heap before
{Heap before GC invocations=34 (full 0):
 garbage-first heap   total 239616K, used 107152K [0x0000000082000000, 0x0000000100000000)
  region size 1024K, 3 young (3072K), 1 survivors (1024K)
 Metaspace       used 25911K, committed 26304K, reserved 1114112K
  class space    used 3472K, committed 3648K, reserved 1048576K
}
Event: 108.084 GC heap after
{Heap after GC invocations=35 (full 0):
 garbage-first heap   total 239616K, used 53904K [0x0000000082000000, 0x0000000100000000)
  region size 1024K, 1 young (1024K), 1 survivors (1024K)
 Metaspace       used 25911K, committed 26304K, reserved 1114112K
  class space    used 3472K, committed 3648K, reserved 1048576K
}
Event: 109.581 GC heap before
{Heap before GC invocations=35 (full 0):
 garbage-first heap   total 239616K, used 107152K [0x0000000082000000, 0x0000000100000000)
  region size 1024K, 3 young (3072K), 1 survivors (1024K)
 Metaspace       used 25947K, committed 26304K, reserved 1114112K
  class space    used 3472K, committed 3648K, reserved 1048576K
}
Event: 109.582 GC heap after
{Heap after GC invocations=36 (full 0):
 garbage-first heap   total 239616K, used 53910K [0x0000000082000000, 0x0000000100000000)
  region size 1024K, 1 young (1024K), 1 survivors (1024K)
 Metaspace       used 25947K, committed 26304K, reserved 1114112K
  class space    used 3472K, committed 3648K, reserved 1048576K
}
Event: 111.092 GC heap before
{Heap before GC invocations=36 (full 0):
 garbage-first heap   total 239616K, used 107158K [0x0000000082000000, 0x0000000100000000)
  region size 1024K, 3 young (3072K), 1 survivors (1024K)
 Metaspace       used 25964K, committed 26304K, reserved 1114112K
  class space    used 3472K, committed 3648K, reserved 1048576K
}
Event: 111.093 GC heap after
{Heap after GC invocations=37 (full 0):
 garbage-first heap   total 239616K, used 53910K [0x0000000082000000, 0x0000000100000000)
  region size 1024K, 1 young (1024K), 1 survivors (1024K)
 Metaspace       used 25964K, committed 26304K, reserved 1114112K
  class space    used 3472K, committed 3648K, reserved 1048576K
}
Event: 112.233 GC heap before
{Heap before GC invocations=37 (full 0):
 garbage-first heap   total 239616K, used 107158K [0x0000000082000000, 0x0000000100000000)
  region size 1024K, 3 young (3072K), 1 survivors (1024K)
 Metaspace       used 25982K, committed 26368K, reserved 1114112K
  class space    used 3472K, committed 3648K, reserved 1048576K
}
Event: 112.235 GC heap after
{Heap after GC invocations=38 (full 0):
 garbage-first heap   total 239616K, used 53912K [0x0000000082000000, 0x0000000100000000)
  region size 1024K, 1 young (1024K), 1 survivors (1024K)
 Metaspace       used 25982K, committed 26368K, reserved 1114112K
  class space    used 3472K, committed 3648K, reserved 1048576K
}
Event: 113.449 GC heap before
{Heap before GC invocations=38 (full 0):
 garbage-first heap   total 239616K, used 107160K [0x0000000082000000, 0x0000000100000000)
  region size 1024K, 3 young (3072K), 1 survivors (1024K)
 Metaspace       used 26004K, committed 26368K, reserved 1114112K
  class space    used 3472K, committed 3648K, reserved 1048576K
}
Event: 113.450 GC heap after
{Heap after GC invocations=39 (full 0):
 garbage-first heap   total 239616K, used 53912K [0x0000000082000000, 0x0000000100000000)
  region size 1024K, 1 young (1024K), 1 survivors (1024K)
 Metaspace       used 26004K, committed 26368K, reserved 1114112K
  class space    used 3472K, committed 3648K, reserved 1048576K
}
Event: 114.702 GC heap before
{Heap before GC invocations=39 (full 0):
 garbage-first heap   total 239616K, used 107160K [0x0000000082000000, 0x0000000100000000)
  region size 1024K, 3 young (3072K), 1 survivors (1024K)
 Metaspace       used 26028K, committed 26368K, reserved 1114112K
  class space    used 3472K, committed 3648K, reserved 1048576K
}
Event: 114.704 GC heap after
{Heap after GC invocations=40 (full 0):
 garbage-first heap   total 239616K, used 53955K [0x0000000082000000, 0x0000000100000000)
  region size 1024K, 1 young (1024K), 1 survivors (1024K)
 Metaspace       used 26028K, committed 26368K, reserved 1114112K
  class space    used 3472K, committed 3648K, reserved 1048576K
}

