# JRE version: Java(TM) SE Runtime Environment (18.0.1.1+2) (build 18.0.1.1+2-6)
# Java VM: Java HotSpot(TM) 64-Bit Server VM (18.0.1.1+2-6, mixed mode, sharing, tiered, compressed oops, compressed class ptrs, g1 gc, windows-amd64)
GC Precious Log:
 CardTable entry size: 512
 Card Set container configuration: InlinePtr #cards 5 size 8 Array Of Cards #cards 12 size 40 Howl #buckets 4 coarsen threshold 1843 Howl Bitmap #cards 512 size 80 coarsen threshold 460 Card regions per heap region 1 cards per card region 2048
 CPUs: 4 total, 4 available
 Memory: 8057M
 Large Page Support: Disabled
 NUMA Support: Disabled
 Compressed Oops: Enabled (32-bit)
 Heap Region Size: 1M
 Heap Min Capacity: 8M
 Heap Initial Capacity: 126M
 Heap Max Capacity: 2016M
 Pre-touch: Disabled
 Parallel Workers: 4
 Concurrent Workers: 1
 Concurrent Refinement Workers: 4
 Periodic GC: Disabled
Heap:
 garbage-first heap   total 194560K, used 82591K [0x0000000082000000, 0x0000000100000000)
  region size 1024K, 5 young (5120K), 1 survivors (1024K)
 Metaspace       used 27492K, committed 27904K, reserved 1114112K
  class space    used 3587K, committed 3776K, reserved 1048576K
GC Heap History (20 events):
Event: 35.175 GC heap before
{Heap before GC invocations=62 (full 0):
 garbage-first heap   total 194560K, used 87667K [0x0000000082000000, 0x0000000100000000)
  region size 1024K, 3 young (3072K), 1 survivors (1024K)
 Metaspace       used 27427K, committed 27776K, reserved 1114112K
  class space    used 3585K, committed 3776K, reserved 1048576K
}
Event: 35.176 GC heap after
{Heap after GC invocations=63 (full 0):
 garbage-first heap   total 194560K, used 46704K [0x0000000082000000, 0x0000000100000000)
  region size 1024K, 1 young (1024K), 1 survivors (1024K)
 Metaspace       used 27427K, committed 27776K, reserved 1114112K
  class space    used 3585K, committed 3776K, reserved 1048576K
}
Event: 35.519 GC heap before
{Heap before GC invocations=63 (full 0):
 garbage-first heap   total 194560K, used 87664K [0x0000000082000000, 0x0000000100000000)
  region size 1024K, 3 young (3072K), 1 survivors (1024K)
 Metaspace       used 27431K, committed 27776K, reserved 1114112K
  class space    used 3585K, committed 3776K, reserved 1048576K
}
Event: 35.521 GC heap after
{Heap after GC invocations=64 (full 0):
 garbage-first heap   total 194560K, used 48757K [0x0000000082000000, 0x0000000100000000)
  region size 1024K, 1 young (1024K), 1 survivors (1024K)
 Metaspace       used 27431K, committed 27776K, reserved 1114112K
  class space    used 3585K, committed 3776K, reserved 1048576K
}
Event: 35.912 GC heap before
{Heap before GC invocations=64 (full 0):
 garbage-first heap   total 194560K, used 88693K [0x0000000082000000, 0x0000000100000000)
  region size 1024K, 3 young (3072K), 1 survivors (1024K)
 Metaspace       used 27452K, committed 27840K, reserved 1114112K
  class space    used 3585K, committed 3776K, reserved 1048576K
}
Event: 35.913 GC heap after
{Heap after GC invocations=65 (full 0):
 garbage-first heap   total 194560K, used 47732K [0x0000000082000000, 0x0000000100000000)
  region size 1024K, 1 young (1024K), 1 survivors (1024K)
 Metaspace       used 27452K, committed 27840K, reserved 1114112K
  class space    used 3585K, committed 3776K, reserved 1048576K
}
Event: 36.248 GC heap before
{Heap before GC invocations=65 (full 0):
 garbage-first heap   total 194560K, used 87668K [0x0000000082000000, 0x0000000100000000)
  region size 1024K, 3 young (3072K), 1 survivors (1024K)
 Metaspace       used 27452K, committed 27840K, reserved 1114112K
  class space    used 3585K, committed 3776K, reserved 1048576K
}
Event: 36.250 GC heap after
{Heap after GC invocations=66 (full 0):
 garbage-first heap   total 194560K, used 46715K [0x0000000082000000, 0x0000000100000000)
  region size 1024K, 1 young (1024K), 1 survivors (1024K)
 Metaspace       used 27452K, committed 27840K, reserved 1114112K
  class space    used 3585K, committed 3776K, reserved 1048576K
}
Event: 36.640 GC heap before
{Heap before GC invocations=66 (full 0):
 garbage-first heap   total 194560K, used 88699K [0x0000000082000000, 0x0000000100000000)
  region size 1024K, 3 young (3072K), 1 survivors (1024K)
 Metaspace       used 27452K, committed 27840K, reserved 1114112K
  class space    used 3585K, committed 3776K, reserved 1048576K
}
Event: 36.641 GC heap after
{Heap after GC invocations=67 (full 0):
 garbage-first heap   total 194560K, used 48768K [0x0000000082000000, 0x0000000100000000)
  region size 1024K, 1 young (1024K), 1 survivors (1024K)
 Metaspace       used 27452K, committed 27840K, reserved 1114112K
  class space    used 3585K, committed 3776K, reserved 1048576K
}
Event: 36.978 GC heap before
{Heap before GC invocations=67 (full 0):
 garbage-first heap   total 194560K, used 87680K [0x0000000082000000, 0x0000000100000000)
  region size 1024K, 3 young (3072K), 1 survivors (1024K)
 Metaspace       used 27462K, committed 27840K, reserved 1114112K
  class space    used 3585K, committed 3776K, reserved 1048576K
}
Event: 36.979 GC heap after
{Heap after GC invocations=68 (full 0):
 garbage-first heap   total 194560K, used 46725K [0x0000000082000000, 0x0000000100000000)
  region size 1024K, 1 young (1024K), 1 survivors (1024K)
 Metaspace       used 27462K, committed 27840K, reserved 1114112K
  class space    used 3585K, committed 3776K, reserved 1048576K
}
Event: 37.394 GC heap before
{Heap before GC invocations=68 (full 0):
 garbage-first heap   total 194560K, used 87685K [0x0000000082000000, 0x0000000100000000)
  region size 1024K, 3 young (3072K), 1 survivors (1024K)
 Metaspace       used 27469K, committed 27840K, reserved 1114112K
  class space    used 3585K, committed 3776K, reserved 1048576K
}
Event: 37.395 GC heap after
{Heap after GC invocations=69 (full 0):
 garbage-first heap   total 194560K, used 48783K [0x0000000082000000, 0x0000000100000000)
  region size 1024K, 1 young (1024K), 1 survivors (1024K)
 Metaspace       used 27469K, committed 27840K, reserved 1114112K
  class space    used 3585K, committed 3776K, reserved 1048576K
}
Event: 37.802 GC heap before
{Heap before GC invocations=69 (full 0):
 garbage-first heap   total 194560K, used 88719K [0x0000000082000000, 0x0000000100000000)
  region size 1024K, 3 young (3072K), 1 survivors (1024K)
 Metaspace       used 27469K, committed 27840K, reserved 1114112K
  class space    used 3585K, committed 3776K, reserved 1048576K
}
Event: 37.803 GC heap after
{Heap after GC invocations=70 (full 0):
 garbage-first heap   total 194560K, used 47767K [0x0000000082000000, 0x0000000100000000)
  region size 1024K, 1 young (1024K), 1 survivors (1024K)
 Metaspace       used 27469K, committed 27840K, reserved 1114112K
  class space    used 3585K, committed 3776K, reserved 1048576K
}
Event: 38.165 GC heap before
{Heap before GC invocations=70 (full 0):
 garbage-first heap   total 194560K, used 87703K [0x0000000082000000, 0x0000000100000000)
  region size 1024K, 3 young (3072K), 1 survivors (1024K)
 Metaspace       used 27470K, committed 27840K, reserved 1114112K
  class space    used 3585K, committed 3776K, reserved 1048576K
}
Event: 38.167 GC heap after
{Heap after GC invocations=71 (full 0):
 garbage-first heap   total 194560K, used 46750K [0x0000000082000000, 0x0000000100000000)
  region size 1024K, 1 young (1024K), 1 survivors (1024K)
 Metaspace       used 27470K, committed 27840K, reserved 1114112K
  class space    used 3585K, committed 3776K, reserved 1048576K
}
Event: 38.554 GC heap before
{Heap before GC invocations=71 (full 0):
 garbage-first heap   total 194560K, used 88734K [0x0000000082000000, 0x0000000100000000)
  region size 1024K, 3 young (3072K), 1 survivors (1024K)
 Metaspace       used 27471K, committed 27904K, reserved 1114112K
  class space    used 3585K, committed 3776K, reserved 1048576K
}
Event: 38.556 GC heap after
{Heap after GC invocations=72 (full 0):
 garbage-first heap   total 194560K, used 48799K [0x0000000082000000, 0x0000000100000000)
  region size 1024K, 1 young (1024K), 1 survivors (1024K)
 Metaspace       used 27471K, committed 27904K, reserved 1114112K
  class space    used 3585K, committed 3776K, reserved 1048576K
}

