# JRE version: Java(TM) SE Runtime Environment (18.0.1.1+2) (build 18.0.1.1+2-6)
# Java VM: Java HotSpot(TM) 64-Bit Server VM (18.0.1.1+2-6, mixed mode, sharing, tiered, compressed oops, compressed class ptrs, g1 gc, windows-amd64)
GC Precious Log:
 CardTable entry size: 512
 Card Set container configuration: InlinePtr #cards 5 size 8 Array Of Cards #cards 12 size 40 Howl #buckets 4 coarsen threshold 1843 Howl Bitmap #cards 512 size 80 coarsen threshold 460 Card regions per heap region 1 cards per card region 2048
 CPUs: 4 total, 4 available
 Memory: 8057M
 Large Page Support: Disabled
 NUMA Support: Disabled
 Compressed Oops: Enabled (32-bit)
 Heap Region Size: 1M
 Heap Min Capacity: 8M
 Heap Initial Capacity: 126M
 Heap Max Capacity: 2016M
 Pre-touch: Disabled
 Parallel Workers: 4
 Concurrent Workers: 1
 Concurrent Refinement Workers: 4
 Periodic GC: Disabled
Heap:
 garbage-first heap   total 48128K, used 28613K [0x0000000082000000, 0x0000000100000000)
  region size 1024K, 8 young (8192K), 2 survivors (2048K)
 Metaspace       used 26249K, committed 26560K, reserved 1114112K
  class space    used 3482K, committed 3648K, reserved 1048576K
GC Heap History (20 events):
Event: 44.422 GC heap before
{Heap before GC invocations=21 (full 0):
 garbage-first heap   total 48128K, used 37435K [0x0000000082000000, 0x0000000100000000)
  region size 1024K, 16 young (16384K), 2 survivors (2048K)
 Metaspace       used 26071K, committed 26432K, reserved 1114112K
  class space    used 3480K, committed 3648K, reserved 1048576K
}
Event: 44.423 GC heap after
{Heap after GC invocations=22 (full 0):
 garbage-first heap   total 48128K, used 24521K [0x0000000082000000, 0x0000000100000000)
  region size 1024K, 2 young (2048K), 2 survivors (2048K)
 Metaspace       used 26071K, committed 26432K, reserved 1114112K
  class space    used 3480K, committed 3648K, reserved 1048576K
}
Event: 45.343 GC heap before
{Heap before GC invocations=23 (full 0):
 garbage-first heap   total 48128K, used 37833K [0x0000000082000000, 0x0000000100000000)
  region size 1024K, 16 young (16384K), 2 survivors (2048K)
 Metaspace       used 26079K, committed 26496K, reserved 1114112K
  class space    used 3480K, committed 3648K, reserved 1048576K
}
Event: 45.345 GC heap after
{Heap after GC invocations=24 (full 0):
 garbage-first heap   total 48128K, used 23535K [0x0000000082000000, 0x0000000100000000)
  region size 1024K, 1 young (1024K), 1 survivors (1024K)
 Metaspace       used 26079K, committed 26496K, reserved 1114112K
  class space    used 3480K, committed 3648K, reserved 1048576K
}
Event: 46.316 GC heap before
{Heap before GC invocations=24 (full 0):
 garbage-first heap   total 48128K, used 37871K [0x0000000082000000, 0x0000000100000000)
  region size 1024K, 16 young (16384K), 1 survivors (1024K)
 Metaspace       used 26093K, committed 26496K, reserved 1114112K
  class space    used 3480K, committed 3648K, reserved 1048576K
}
Event: 46.319 GC heap after
{Heap after GC invocations=25 (full 0):
 garbage-first heap   total 48128K, used 24022K [0x0000000082000000, 0x0000000100000000)
  region size 1024K, 2 young (2048K), 2 survivors (2048K)
 Metaspace       used 26093K, committed 26496K, reserved 1114112K
  class space    used 3480K, committed 3648K, reserved 1048576K
}
Event: 47.202 GC heap before
{Heap before GC invocations=26 (full 0):
 garbage-first heap   total 48128K, used 37334K [0x0000000082000000, 0x0000000100000000)
  region size 1024K, 16 young (16384K), 2 survivors (2048K)
 Metaspace       used 26114K, committed 26496K, reserved 1114112K
  class space    used 3480K, committed 3648K, reserved 1048576K
}
Event: 47.204 GC heap after
{Heap after GC invocations=27 (full 0):
 garbage-first heap   total 48128K, used 24321K [0x0000000082000000, 0x0000000100000000)
  region size 1024K, 2 young (2048K), 2 survivors (2048K)
 Metaspace       used 26114K, committed 26496K, reserved 1114112K
  class space    used 3480K, committed 3648K, reserved 1048576K
}
Event: 48.076 GC heap before
{Heap before GC invocations=27 (full 0):
 garbage-first heap   total 48128K, used 37633K [0x0000000082000000, 0x0000000100000000)
  region size 1024K, 16 young (16384K), 2 survivors (2048K)
 Metaspace       used 26129K, committed 26496K, reserved 1114112K
  class space    used 3480K, committed 3648K, reserved 1048576K
}
Event: 48.077 GC heap after
{Heap after GC invocations=28 (full 0):
 garbage-first heap   total 48128K, used 23440K [0x0000000082000000, 0x0000000100000000)
  region size 1024K, 1 young (1024K), 1 survivors (1024K)
 Metaspace       used 26129K, committed 26496K, reserved 1114112K
  class space    used 3480K, committed 3648K, reserved 1048576K
}
Event: 49.088 GC heap before
{Heap before GC invocations=29 (full 0):
 garbage-first heap   total 48128K, used 37776K [0x0000000082000000, 0x0000000100000000)
  region size 1024K, 16 young (16384K), 1 survivors (1024K)
 Metaspace       used 26136K, committed 26496K, reserved 1114112K
  class space    used 3480K, committed 3648K, reserved 1048576K
}
Event: 49.090 GC heap after
{Heap after GC invocations=30 (full 0):
 garbage-first heap   total 48128K, used 23440K [0x0000000082000000, 0x0000000100000000)
  region size 1024K, 1 young (1024K), 1 survivors (1024K)
 Metaspace       used 26136K, committed 26496K, reserved 1114112K
  class space    used 3480K, committed 3648K, reserved 1048576K
}
Event: 50.100 GC heap before
{Heap before GC invocations=30 (full 0):
 garbage-first heap   total 48128K, used 37776K [0x0000000082000000, 0x0000000100000000)
  region size 1024K, 16 young (16384K), 1 survivors (1024K)
 Metaspace       used 26138K, committed 26496K, reserved 1114112K
  class space    used 3480K, committed 3648K, reserved 1048576K
}
Event: 50.101 GC heap after
{Heap after GC invocations=31 (full 0):
 garbage-first heap   total 48128K, used 23143K [0x0000000082000000, 0x0000000100000000)
  region size 1024K, 1 young (1024K), 1 survivors (1024K)
 Metaspace       used 26138K, committed 26496K, reserved 1114112K
  class space    used 3480K, committed 3648K, reserved 1048576K
}
Event: 51.157 GC heap before
{Heap before GC invocations=32 (full 0):
 garbage-first heap   total 48128K, used 38503K [0x0000000082000000, 0x0000000100000000)
  region size 1024K, 17 young (17408K), 1 survivors (1024K)
 Metaspace       used 26139K, committed 26496K, reserved 1114112K
  class space    used 3480K, committed 3648K, reserved 1048576K
}
Event: 51.159 GC heap after
{Heap after GC invocations=33 (full 0):
 garbage-first heap   total 48128K, used 24315K [0x0000000082000000, 0x0000000100000000)
  region size 1024K, 2 young (2048K), 2 survivors (2048K)
 Metaspace       used 26139K, committed 26496K, reserved 1114112K
  class space    used 3480K, committed 3648K, reserved 1048576K
}
Event: 52.164 GC heap before
{Heap before GC invocations=33 (full 0):
 garbage-first heap   total 48128K, used 38651K [0x0000000082000000, 0x0000000100000000)
  region size 1024K, 17 young (17408K), 2 survivors (2048K)
 Metaspace       used 26140K, committed 26496K, reserved 1114112K
  class space    used 3480K, committed 3648K, reserved 1048576K
}
Event: 52.165 GC heap after
{Heap after GC invocations=34 (full 0):
 garbage-first heap   total 48128K, used 23440K [0x0000000082000000, 0x0000000100000000)
  region size 1024K, 1 young (1024K), 1 survivors (1024K)
 Metaspace       used 26140K, committed 26496K, reserved 1114112K
  class space    used 3480K, committed 3648K, reserved 1048576K
}
Event: 53.234 GC heap before
{Heap before GC invocations=35 (full 0):
 garbage-first heap   total 48128K, used 38800K [0x0000000082000000, 0x0000000100000000)
  region size 1024K, 17 young (17408K), 1 survivors (1024K)
 Metaspace       used 26185K, committed 26560K, reserved 1114112K
  class space    used 3480K, committed 3648K, reserved 1048576K
}
Event: 53.236 GC heap after
{Heap after GC invocations=36 (full 0):
 garbage-first heap   total 48128K, used 24517K [0x0000000082000000, 0x0000000100000000)
  region size 1024K, 2 young (2048K), 2 survivors (2048K)
 Metaspace       used 26185K, committed 26560K, reserved 1114112K
  class space    used 3480K, committed 3648K, reserved 1048576K
}

