# JRE version: Java(TM) SE Runtime Environment (18.0.1.1+2) (build 18.0.1.1+2-6)
# Java VM: Java HotSpot(TM) 64-Bit Server VM (18.0.1.1+2-6, mixed mode, sharing, tiered, compressed oops, compressed class ptrs, g1 gc, windows-amd64)
GC Precious Log:
 CardTable entry size: 512
 Card Set container configuration: InlinePtr #cards 5 size 8 Array Of Cards #cards 12 size 40 Howl #buckets 4 coarsen threshold 1843 Howl Bitmap #cards 512 size 80 coarsen threshold 460 Card regions per heap region 1 cards per card region 2048
 CPUs: 4 total, 4 available
 Memory: 8057M
 Large Page Support: Disabled
 NUMA Support: Disabled
 Compressed Oops: Enabled (32-bit)
 Heap Region Size: 1M
 Heap Min Capacity: 8M
 Heap Initial Capacity: 126M
 Heap Max Capacity: 2016M
 Pre-touch: Disabled
 Parallel Workers: 4
 Concurrent Workers: 1
 Concurrent Refinement Workers: 4
 Periodic GC: Disabled
Heap:
 garbage-first heap   total 218112K, used 98152K [0x0000000082000000, 0x0000000100000000)
  region size 1024K, 6 young (6144K), 1 survivors (1024K)
 Metaspace       used 26057K, committed 26368K, reserved 1114112K
  class space    used 3476K, committed 3648K, reserved 1048576K
GC Heap History (20 events):
Event: 17.759 GC heap before
{Heap before GC invocations=18 (full 0):
 garbage-first heap   total 60416K, used 33537K [0x0000000082000000, 0x0000000100000000)
  region size 1024K, 2 young (2048K), 1 survivors (1024K)
 Metaspace       used 25887K, committed 26240K, reserved 1114112K
  class space    used 3472K, committed 3648K, reserved 1048576K
}
Event: 17.762 GC heap after
{Heap after GC invocations=19 (full 0):
 garbage-first heap   total 72704K, used 27397K [0x0000000082000000, 0x0000000100000000)
  region size 1024K, 1 young (1024K), 1 survivors (1024K)
 Metaspace       used 25887K, committed 26240K, reserved 1114112K
  class space    used 3472K, committed 3648K, reserved 1048576K
}
Event: 17.764 GC heap before
{Heap before GC invocations=19 (full 0):
 garbage-first heap   total 72704K, used 31493K [0x0000000082000000, 0x0000000100000000)
  region size 1024K, 2 young (2048K), 1 survivors (1024K)
 Metaspace       used 25887K, committed 26240K, reserved 1114112K
  class space    used 3472K, committed 3648K, reserved 1048576K
}
Event: 17.767 GC heap after
{Heap after GC invocations=20 (full 0):
 garbage-first heap   total 72704K, used 27421K [0x0000000082000000, 0x0000000100000000)
  region size 1024K, 1 young (1024K), 1 survivors (1024K)
 Metaspace       used 25887K, committed 26240K, reserved 1114112K
  class space    used 3472K, committed 3648K, reserved 1048576K
}
Event: 17.990 GC heap before
{Heap before GC invocations=20 (full 0):
 garbage-first heap   total 72704K, used 31517K [0x0000000082000000, 0x0000000100000000)
  region size 1024K, 2 young (2048K), 1 survivors (1024K)
 Metaspace       used 25887K, committed 26240K, reserved 1114112K
  class space    used 3472K, committed 3648K, reserved 1048576K
}
Event: 17.993 GC heap after
{Heap after GC invocations=21 (full 0):
 garbage-first heap   total 72704K, used 27429K [0x0000000082000000, 0x0000000100000000)
  region size 1024K, 1 young (1024K), 1 survivors (1024K)
 Metaspace       used 25887K, committed 26240K, reserved 1114112K
  class space    used 3472K, committed 3648K, reserved 1048576K
}
Event: 18.237 GC heap before
{Heap before GC invocations=21 (full 0):
 garbage-first heap   total 72704K, used 32549K [0x0000000082000000, 0x0000000100000000)
  region size 1024K, 2 young (2048K), 1 survivors (1024K)
 Metaspace       used 25887K, committed 26240K, reserved 1114112K
  class space    used 3472K, committed 3648K, reserved 1048576K
}
Event: 18.239 GC heap after
{Heap after GC invocations=22 (full 0):
 garbage-first heap   total 72704K, used 28441K [0x0000000082000000, 0x0000000100000000)
  region size 1024K, 1 young (1024K), 1 survivors (1024K)
 Metaspace       used 25887K, committed 26240K, reserved 1114112K
  class space    used 3472K, committed 3648K, reserved 1048576K
}
Event: 18.241 GC heap before
{Heap before GC invocations=22 (full 0):
 garbage-first heap   total 72704K, used 31513K [0x0000000082000000, 0x0000000100000000)
  region size 1024K, 2 young (2048K), 1 survivors (1024K)
 Metaspace       used 25887K, committed 26240K, reserved 1114112K
  class space    used 3472K, committed 3648K, reserved 1048576K
}
Event: 18.243 GC heap after
{Heap after GC invocations=23 (full 0):
 garbage-first heap   total 72704K, used 27418K [0x0000000082000000, 0x0000000100000000)
  region size 1024K, 1 young (1024K), 1 survivors (1024K)
 Metaspace       used 25887K, committed 26240K, reserved 1114112K
  class space    used 3472K, committed 3648K, reserved 1048576K
}
Event: 18.446 GC heap before
{Heap before GC invocations=23 (full 0):
 garbage-first heap   total 72704K, used 31514K [0x0000000082000000, 0x0000000100000000)
  region size 1024K, 2 young (2048K), 1 survivors (1024K)
 Metaspace       used 25887K, committed 26240K, reserved 1114112K
  class space    used 3472K, committed 3648K, reserved 1048576K
}
Event: 18.448 GC heap after
{Heap after GC invocations=24 (full 0):
 garbage-first heap   total 72704K, used 27439K [0x0000000082000000, 0x0000000100000000)
  region size 1024K, 1 young (1024K), 1 survivors (1024K)
 Metaspace       used 25887K, committed 26240K, reserved 1114112K
  class space    used 3472K, committed 3648K, reserved 1048576K
}
Event: 18.674 GC heap before
{Heap before GC invocations=24 (full 0):
 garbage-first heap   total 72704K, used 32559K [0x0000000082000000, 0x0000000100000000)
  region size 1024K, 2 young (2048K), 1 survivors (1024K)
 Metaspace       used 25887K, committed 26240K, reserved 1114112K
  class space    used 3472K, committed 3648K, reserved 1048576K
}
Event: 18.678 GC heap after
{Heap after GC invocations=25 (full 0):
 garbage-first heap   total 218112K, used 28438K [0x0000000082000000, 0x0000000100000000)
  region size 1024K, 1 young (1024K), 1 survivors (1024K)
 Metaspace       used 25887K, committed 26240K, reserved 1114112K
  class space    used 3472K, committed 3648K, reserved 1048576K
}
Event: 20.853 GC heap before
{Heap before GC invocations=25 (full 0):
 garbage-first heap   total 218112K, used 97046K [0x0000000082000000, 0x0000000100000000)
  region size 1024K, 2 young (2048K), 1 survivors (1024K)
 Metaspace       used 25897K, committed 26240K, reserved 1114112K
  class space    used 3472K, committed 3648K, reserved 1048576K
}
Event: 20.857 GC heap after
{Heap after GC invocations=26 (full 0):
 garbage-first heap   total 218112K, used 59234K [0x0000000082000000, 0x0000000100000000)
  region size 1024K, 1 young (1024K), 1 survivors (1024K)
 Metaspace       used 25897K, committed 26240K, reserved 1114112K
  class space    used 3472K, committed 3648K, reserved 1048576K
}
Event: 22.078 GC heap before
{Heap before GC invocations=26 (full 0):
 garbage-first heap   total 218112K, used 99170K [0x0000000082000000, 0x0000000100000000)
  region size 1024K, 3 young (3072K), 1 survivors (1024K)
 Metaspace       used 25901K, committed 26240K, reserved 1114112K
  class space    used 3472K, committed 3648K, reserved 1048576K
}
Event: 22.080 GC heap after
{Heap after GC invocations=27 (full 0):
 garbage-first heap   total 218112K, used 45846K [0x0000000082000000, 0x0000000100000000)
  region size 1024K, 1 young (1024K), 1 survivors (1024K)
 Metaspace       used 25901K, committed 26240K, reserved 1114112K
  class space    used 3472K, committed 3648K, reserved 1048576K
}
Event: 23.614 GC heap before
{Heap before GC invocations=27 (full 0):
 garbage-first heap   total 218112K, used 98070K [0x0000000082000000, 0x0000000100000000)
  region size 1024K, 3 young (3072K), 1 survivors (1024K)
 Metaspace       used 25903K, committed 26240K, reserved 1114112K
  class space    used 3472K, committed 3648K, reserved 1048576K
}
Event: 23.617 GC heap after
{Heap after GC invocations=28 (full 0):
 garbage-first heap   total 218112K, used 51048K [0x0000000082000000, 0x0000000100000000)
  region size 1024K, 1 young (1024K), 1 survivors (1024K)
 Metaspace       used 25903K, committed 26240K, reserved 1114112K
  class space    used 3472K, committed 3648K, reserved 1048576K
}

