# JRE version: Java(TM) SE Runtime Environment (18.0.1.1+2) (build 18.0.1.1+2-6)
# Java VM: Java HotSpot(TM) 64-Bit Server VM (18.0.1.1+2-6, mixed mode, sharing, tiered, compressed oops, compressed class ptrs, g1 gc, windows-amd64)
GC Precious Log:
 CardTable entry size: 512
 Card Set container configuration: InlinePtr #cards 5 size 8 Array Of Cards #cards 12 size 40 Howl #buckets 4 coarsen threshold 1843 Howl Bitmap #cards 512 size 80 coarsen threshold 460 Card regions per heap region 1 cards per card region 2048
 CPUs: 4 total, 4 available
 Memory: 8057M
 Large Page Support: Disabled
 NUMA Support: Disabled
 Compressed Oops: Enabled (32-bit)
 Heap Region Size: 1M
 Heap Min Capacity: 8M
 Heap Initial Capacity: 126M
 Heap Max Capacity: 2016M
 Pre-touch: Disabled
 Parallel Workers: 4
 Concurrent Workers: 1
 Concurrent Refinement Workers: 4
 Periodic GC: Disabled
Heap:
 garbage-first heap   total 227328K, used 94510K [0x0000000082000000, 0x0000000100000000)
  region size 1024K, 5 young (5120K), 1 survivors (1024K)
 Metaspace       used 26044K, committed 26432K, reserved 1114112K
  class space    used 3477K, committed 3648K, reserved 1048576K
GC Heap History (20 events):
Event: 57.408 GC heap before
{Heap before GC invocations=47 (full 0):
 garbage-first heap   total 227328K, used 100640K [0x0000000082000000, 0x0000000100000000)
  region size 1024K, 3 young (3072K), 1 survivors (1024K)
 Metaspace       used 25934K, committed 26304K, reserved 1114112K
  class space    used 3474K, committed 3648K, reserved 1048576K
}
Event: 57.410 GC heap after
{Heap after GC invocations=48 (full 0):
 garbage-first heap   total 227328K, used 52511K [0x0000000082000000, 0x0000000100000000)
  region size 1024K, 1 young (1024K), 1 survivors (1024K)
 Metaspace       used 25934K, committed 26304K, reserved 1114112K
  class space    used 3474K, committed 3648K, reserved 1048576K
}
Event: 58.517 GC heap before
{Heap before GC invocations=48 (full 0):
 garbage-first heap   total 227328K, used 100639K [0x0000000082000000, 0x0000000100000000)
  region size 1024K, 3 young (3072K), 1 survivors (1024K)
 Metaspace       used 25934K, committed 26304K, reserved 1114112K
  class space    used 3474K, committed 3648K, reserved 1048576K
}
Event: 58.518 GC heap after
{Heap after GC invocations=49 (full 0):
 garbage-first heap   total 227328K, used 52513K [0x0000000082000000, 0x0000000100000000)
  region size 1024K, 1 young (1024K), 1 survivors (1024K)
 Metaspace       used 25934K, committed 26304K, reserved 1114112K
  class space    used 3474K, committed 3648K, reserved 1048576K
}
Event: 59.626 GC heap before
{Heap before GC invocations=49 (full 0):
 garbage-first heap   total 227328K, used 101665K [0x0000000082000000, 0x0000000100000000)
  region size 1024K, 3 young (3072K), 1 survivors (1024K)
 Metaspace       used 25934K, committed 26304K, reserved 1114112K
  class space    used 3474K, committed 3648K, reserved 1048576K
}
Event: 59.628 GC heap after
{Heap after GC invocations=50 (full 0):
 garbage-first heap   total 227328K, used 53537K [0x0000000082000000, 0x0000000100000000)
  region size 1024K, 1 young (1024K), 1 survivors (1024K)
 Metaspace       used 25934K, committed 26304K, reserved 1114112K
  class space    used 3474K, committed 3648K, reserved 1048576K
}
Event: 60.603 GC heap before
{Heap before GC invocations=50 (full 0):
 garbage-first heap   total 227328K, used 100641K [0x0000000082000000, 0x0000000100000000)
  region size 1024K, 3 young (3072K), 1 survivors (1024K)
 Metaspace       used 25937K, committed 26304K, reserved 1114112K
  class space    used 3474K, committed 3648K, reserved 1048576K
}
Event: 60.605 GC heap after
{Heap after GC invocations=51 (full 0):
 garbage-first heap   total 227328K, used 52513K [0x0000000082000000, 0x0000000100000000)
  region size 1024K, 1 young (1024K), 1 survivors (1024K)
 Metaspace       used 25937K, committed 26304K, reserved 1114112K
  class space    used 3474K, committed 3648K, reserved 1048576K
}
Event: 62.237 GC heap before
{Heap before GC invocations=51 (full 0):
 garbage-first heap   total 227328K, used 100641K [0x0000000082000000, 0x0000000100000000)
  region size 1024K, 3 young (3072K), 1 survivors (1024K)
 Metaspace       used 25973K, committed 26368K, reserved 1114112K
  class space    used 3474K, committed 3648K, reserved 1048576K
}
Event: 62.239 GC heap after
{Heap after GC invocations=52 (full 0):
 garbage-first heap   total 227328K, used 52515K [0x0000000082000000, 0x0000000100000000)
  region size 1024K, 1 young (1024K), 1 survivors (1024K)
 Metaspace       used 25973K, committed 26368K, reserved 1114112K
  class space    used 3474K, committed 3648K, reserved 1048576K
}
Event: 63.777 GC heap before
{Heap before GC invocations=52 (full 0):
 garbage-first heap   total 227328K, used 101667K [0x0000000082000000, 0x0000000100000000)
  region size 1024K, 3 young (3072K), 1 survivors (1024K)
 Metaspace       used 25979K, committed 26368K, reserved 1114112K
  class space    used 3474K, committed 3648K, reserved 1048576K
}
Event: 63.779 GC heap after
{Heap after GC invocations=53 (full 0):
 garbage-first heap   total 227328K, used 53541K [0x0000000082000000, 0x0000000100000000)
  region size 1024K, 1 young (1024K), 1 survivors (1024K)
 Metaspace       used 25979K, committed 26368K, reserved 1114112K
  class space    used 3474K, committed 3648K, reserved 1048576K
}
Event: 64.884 GC heap before
{Heap before GC invocations=53 (full 0):
 garbage-first heap   total 227328K, used 100645K [0x0000000082000000, 0x0000000100000000)
  region size 1024K, 3 young (3072K), 1 survivors (1024K)
 Metaspace       used 25980K, committed 26368K, reserved 1114112K
  class space    used 3474K, committed 3648K, reserved 1048576K
}
Event: 64.885 GC heap after
{Heap after GC invocations=54 (full 0):
 garbage-first heap   total 227328K, used 52519K [0x0000000082000000, 0x0000000100000000)
  region size 1024K, 1 young (1024K), 1 survivors (1024K)
 Metaspace       used 25980K, committed 26368K, reserved 1114112K
  class space    used 3474K, committed 3648K, reserved 1048576K
}
Event: 66.126 GC heap before
{Heap before GC invocations=54 (full 0):
 garbage-first heap   total 227328K, used 100647K [0x0000000082000000, 0x0000000100000000)
  region size 1024K, 3 young (3072K), 1 survivors (1024K)
 Metaspace       used 25990K, committed 26368K, reserved 1114112K
  class space    used 3474K, committed 3648K, reserved 1048576K
}
Event: 66.127 GC heap after
{Heap after GC invocations=55 (full 0):
 garbage-first heap   total 227328K, used 52523K [0x0000000082000000, 0x0000000100000000)
  region size 1024K, 1 young (1024K), 1 survivors (1024K)
 Metaspace       used 25990K, committed 26368K, reserved 1114112K
  class space    used 3474K, committed 3648K, reserved 1048576K
}
Event: 67.192 GC heap before
{Heap before GC invocations=55 (full 0):
 garbage-first heap   total 227328K, used 101675K [0x0000000082000000, 0x0000000100000000)
  region size 1024K, 3 young (3072K), 1 survivors (1024K)
 Metaspace       used 25998K, committed 26368K, reserved 1114112K
  class space    used 3474K, committed 3648K, reserved 1048576K
}
Event: 67.194 GC heap after
{Heap after GC invocations=56 (full 0):
 garbage-first heap   total 227328K, used 53545K [0x0000000082000000, 0x0000000100000000)
  region size 1024K, 1 young (1024K), 1 survivors (1024K)
 Metaspace       used 25998K, committed 26368K, reserved 1114112K
  class space    used 3474K, committed 3648K, reserved 1048576K
}
Event: 68.126 GC heap before
{Heap before GC invocations=56 (full 0):
 garbage-first heap   total 227328K, used 100649K [0x0000000082000000, 0x0000000100000000)
  region size 1024K, 3 young (3072K), 1 survivors (1024K)
 Metaspace       used 26002K, committed 26368K, reserved 1114112K
  class space    used 3474K, committed 3648K, reserved 1048576K
}
Event: 68.128 GC heap after
{Heap after GC invocations=57 (full 0):
 garbage-first heap   total 227328K, used 52526K [0x0000000082000000, 0x0000000100000000)
  region size 1024K, 1 young (1024K), 1 survivors (1024K)
 Metaspace       used 26002K, committed 26368K, reserved 1114112K
  class space    used 3474K, committed 3648K, reserved 1048576K
}

