# JRE version: Java(TM) SE Runtime Environment (18.0.1.1+2) (build 18.0.1.1+2-6)
# Java VM: Java HotSpot(TM) 64-Bit Server VM (18.0.1.1+2-6, mixed mode, sharing, tiered, compressed oops, compressed class ptrs, g1 gc, windows-amd64)
GC Precious Log:
 CardTable entry size: 512
 Card Set container configuration: InlinePtr #cards 5 size 8 Array Of Cards #cards 12 size 40 Howl #buckets 4 coarsen threshold 1843 Howl Bitmap #cards 512 size 80 coarsen threshold 460 Card regions per heap region 1 cards per card region 2048
 CPUs: 4 total, 4 available
 Memory: 8057M
 Large Page Support: Disabled
 NUMA Support: Disabled
 Compressed Oops: Enabled (32-bit)
 Heap Region Size: 1M
 Heap Min Capacity: 8M
 Heap Initial Capacity: 126M
 Heap Max Capacity: 2016M
 Pre-touch: Disabled
 Parallel Workers: 4
 Concurrent Workers: 1
 Concurrent Refinement Workers: 4
 Periodic GC: Disabled
Heap:
 garbage-first heap   total 245760K, used 65868K [0x0000000082000000, 0x0000000100000000)
  region size 1024K, 5 young (5120K), 1 survivors (1024K)
 Metaspace       used 26069K, committed 26432K, reserved 1114112K
  class space    used 3475K, committed 3648K, reserved 1048576K
GC Heap History (20 events):
Event: 24.075 GC heap before
{Heap before GC invocations=20 (full 0):
 garbage-first heap   total 245760K, used 108867K [0x0000000082000000, 0x0000000100000000)
  region size 1024K, 3 young (3072K), 1 survivors (1024K)
 Metaspace       used 25954K, committed 26304K, reserved 1114112K
  class space    used 3473K, committed 3648K, reserved 1048576K
}
Event: 24.077 GC heap after
{Heap after GC invocations=21 (full 0):
 garbage-first heap   total 245760K, used 57667K [0x0000000082000000, 0x0000000100000000)
  region size 1024K, 1 young (1024K), 1 survivors (1024K)
 Metaspace       used 25954K, committed 26304K, reserved 1114112K
  class space    used 3473K, committed 3648K, reserved 1048576K
}
Event: 25.845 GC heap before
{Heap before GC invocations=21 (full 0):
 garbage-first heap   total 245760K, used 109891K [0x0000000082000000, 0x0000000100000000)
  region size 1024K, 3 young (3072K), 1 survivors (1024K)
 Metaspace       used 25955K, committed 26304K, reserved 1114112K
  class space    used 3473K, committed 3648K, reserved 1048576K
}
Event: 25.847 GC heap after
{Heap after GC invocations=22 (full 0):
 garbage-first heap   total 245760K, used 54581K [0x0000000082000000, 0x0000000100000000)
  region size 1024K, 1 young (1024K), 1 survivors (1024K)
 Metaspace       used 25955K, committed 26304K, reserved 1114112K
  class space    used 3473K, committed 3648K, reserved 1048576K
}
Event: 27.175 GC heap before
{Heap before GC invocations=22 (full 0):
 garbage-first heap   total 245760K, used 108853K [0x0000000082000000, 0x0000000100000000)
  region size 1024K, 3 young (3072K), 1 survivors (1024K)
 Metaspace       used 25955K, committed 26304K, reserved 1114112K
  class space    used 3473K, committed 3648K, reserved 1048576K
}
Event: 27.177 GC heap after
{Heap after GC invocations=23 (full 0):
 garbage-first heap   total 245760K, used 54596K [0x0000000082000000, 0x0000000100000000)
  region size 1024K, 1 young (1024K), 1 survivors (1024K)
 Metaspace       used 25955K, committed 26304K, reserved 1114112K
  class space    used 3473K, committed 3648K, reserved 1048576K
}
Event: 28.952 GC heap before
{Heap before GC invocations=23 (full 0):
 garbage-first heap   total 245760K, used 108868K [0x0000000082000000, 0x0000000100000000)
  region size 1024K, 3 young (3072K), 1 survivors (1024K)
 Metaspace       used 25959K, committed 26304K, reserved 1114112K
  class space    used 3473K, committed 3648K, reserved 1048576K
}
Event: 28.953 GC heap after
{Heap after GC invocations=24 (full 0):
 garbage-first heap   total 245760K, used 54611K [0x0000000082000000, 0x0000000100000000)
  region size 1024K, 1 young (1024K), 1 survivors (1024K)
 Metaspace       used 25959K, committed 26304K, reserved 1114112K
  class space    used 3473K, committed 3648K, reserved 1048576K
}
Event: 30.539 GC heap before
{Heap before GC invocations=24 (full 0):
 garbage-first heap   total 245760K, used 109907K [0x0000000082000000, 0x0000000100000000)
  region size 1024K, 3 young (3072K), 1 survivors (1024K)
 Metaspace       used 25961K, committed 26304K, reserved 1114112K
  class space    used 3473K, committed 3648K, reserved 1048576K
}
Event: 30.540 GC heap after
{Heap after GC invocations=25 (full 0):
 garbage-first heap   total 245760K, used 57673K [0x0000000082000000, 0x0000000100000000)
  region size 1024K, 1 young (1024K), 1 survivors (1024K)
 Metaspace       used 25961K, committed 26304K, reserved 1114112K
  class space    used 3473K, committed 3648K, reserved 1048576K
}
Event: 31.814 GC heap before
{Heap before GC invocations=25 (full 0):
 garbage-first heap   total 245760K, used 108873K [0x0000000082000000, 0x0000000100000000)
  region size 1024K, 3 young (3072K), 1 survivors (1024K)
 Metaspace       used 25962K, committed 26304K, reserved 1114112K
  class space    used 3473K, committed 3648K, reserved 1048576K
}
Event: 31.815 GC heap after
{Heap after GC invocations=26 (full 0):
 garbage-first heap   total 245760K, used 54602K [0x0000000082000000, 0x0000000100000000)
  region size 1024K, 1 young (1024K), 1 survivors (1024K)
 Metaspace       used 25962K, committed 26304K, reserved 1114112K
  class space    used 3473K, committed 3648K, reserved 1048576K
}
Event: 33.558 GC heap before
{Heap before GC invocations=26 (full 0):
 garbage-first heap   total 245760K, used 108874K [0x0000000082000000, 0x0000000100000000)
  region size 1024K, 3 young (3072K), 1 survivors (1024K)
 Metaspace       used 25967K, committed 26304K, reserved 1114112K
  class space    used 3473K, committed 3648K, reserved 1048576K
}
Event: 33.560 GC heap after
{Heap after GC invocations=27 (full 0):
 garbage-first heap   total 245760K, used 54620K [0x0000000082000000, 0x0000000100000000)
  region size 1024K, 1 young (1024K), 1 survivors (1024K)
 Metaspace       used 25967K, committed 26304K, reserved 1114112K
  class space    used 3473K, committed 3648K, reserved 1048576K
}
Event: 35.136 GC heap before
{Heap before GC invocations=27 (full 0):
 garbage-first heap   total 245760K, used 109916K [0x0000000082000000, 0x0000000100000000)
  region size 1024K, 3 young (3072K), 1 survivors (1024K)
 Metaspace       used 26034K, committed 26368K, reserved 1114112K
  class space    used 3473K, committed 3648K, reserved 1048576K
}
Event: 35.137 GC heap after
{Heap after GC invocations=28 (full 0):
 garbage-first heap   total 245760K, used 57675K [0x0000000082000000, 0x0000000100000000)
  region size 1024K, 1 young (1024K), 1 survivors (1024K)
 Metaspace       used 26034K, committed 26368K, reserved 1114112K
  class space    used 3473K, committed 3648K, reserved 1048576K
}
Event: 36.082 GC heap before
{Heap before GC invocations=28 (full 0):
 garbage-first heap   total 245760K, used 108875K [0x0000000082000000, 0x0000000100000000)
  region size 1024K, 3 young (3072K), 1 survivors (1024K)
 Metaspace       used 26036K, committed 26368K, reserved 1114112K
  class space    used 3473K, committed 3648K, reserved 1048576K
}
Event: 36.083 GC heap after
{Heap after GC invocations=29 (full 0):
 garbage-first heap   total 245760K, used 54601K [0x0000000082000000, 0x0000000100000000)
  region size 1024K, 1 young (1024K), 1 survivors (1024K)
 Metaspace       used 26036K, committed 26368K, reserved 1114112K
  class space    used 3473K, committed 3648K, reserved 1048576K
}
Event: 37.510 GC heap before
{Heap before GC invocations=29 (full 0):
 garbage-first heap   total 245760K, used 108873K [0x0000000082000000, 0x0000000100000000)
  region size 1024K, 3 young (3072K), 1 survivors (1024K)
 Metaspace       used 26044K, committed 26368K, reserved 1114112K
  class space    used 3473K, committed 3648K, reserved 1048576K
}
Event: 37.511 GC heap after
{Heap after GC invocations=30 (full 0):
 garbage-first heap   total 245760K, used 54604K [0x0000000082000000, 0x0000000100000000)
  region size 1024K, 1 young (1024K), 1 survivors (1024K)
 Metaspace       used 26044K, committed 26368K, reserved 1114112K
  class space    used 3473K, committed 3648K, reserved 1048576K
}

